Build started 4/9/2015 3:25:20 PM.
     1>Project "C:\Users\nnorm\Desktop\Code\_API8\Demo\Demo\Demo.vcxproj" on node 2 (Build target(s)).
     1>ClCompile:
         C:\Program Files (x86)\Microsoft Visual Studio 12.0\VC\bin\CL.exe /c /Zi /nologo /W3 /WX- /O2 /Oi /Oy- /GL /D WIN32 /D NDEBUG /D _CONSOLE /D _LIB /D _UNICODE /D UNICODE /Gm- /EHsc /MD /GS /Gy /fp:precise /Zc:wchar_t /Zc:forScope /Fo"Release\\" /Fd"Release\vc120.pdb" /Gd /TP /analyze- /errorReport:prompt Source\main.cpp
         main.cpp
       Link:
         C:\Program Files (x86)\Microsoft Visual Studio 12.0\VC\bin\link.exe /ERRORREPORT:PROMPT /OUT:"C:\Users\nnorm\Desktop\Code\_API8\Demo\Release\Demo.exe" /INCREMENTAL:NO /NOLOGO OpenGL32.lib GLFW.lib glew32.lib assimp.lib kernel32.lib user32.lib gdi32.lib winspool.lib comdlg32.lib advapi32.lib shell32.lib ole32.lib oleaut32.lib uuid.lib odbc32.lib odbccp32.lib /MANIFEST /MANIFESTUAC:"level='asInvoker' uiAccess='false'" /manifest:embed /DEBUG /PDB:"C:\Users\nnorm\Desktop\Code\_API8\Demo\Release\Demo.pdb" /SUBSYSTEM:CONSOLE /OPT:REF /OPT:ICF /LTCG /TLBID:1 /DYNAMICBASE /NXCOMPAT /IMPLIB:"C:\Users\nnorm\Desktop\Code\_API8\Demo\Release\Demo.lib" /MACHINE:X86 /SAFESEH Release\Buffer.obj
         Release\Model.obj
         Release\Shader.obj
         Release\ShaderProgram.obj
         Release\main.obj
         Release\Uniform.obj
     1>GLFW.lib(init.obj) : warning LNK4075: ignoring '/EDITANDCONTINUE' due to '/OPT:ICF' specification
     1>LINK : warning LNK4098: defaultlib 'MSVCRTD' conflicts with use of other libs; use /NODEFAULTLIB:library
         Generating code
         Finished generating code
     1>GLFW.lib(enable.obj) : warning LNK4099: PDB 'vc100.pdb' was not found with 'GLFW.lib(enable.obj)' or at 'C:\Users\nnorm\Desktop\Code\_API8\Demo\Release\vc100.pdb'; linking object as if no debug info
     1>GLFW.lib(glext.obj) : warning LNK4099: PDB 'vc100.pdb' was not found with 'GLFW.lib(glext.obj)' or at 'C:\Users\nnorm\Desktop\Code\_API8\Demo\Release\vc100.pdb'; linking object as if no debug info
     1>GLFW.lib(init.obj) : warning LNK4099: PDB 'vc100.pdb' was not found with 'GLFW.lib(init.obj)' or at 'C:\Users\nnorm\Desktop\Code\_API8\Demo\Release\vc100.pdb'; linking object as if no debug info
     1>GLFW.lib(input.obj) : warning LNK4099: PDB 'vc100.pdb' was not found with 'GLFW.lib(input.obj)' or at 'C:\Users\nnorm\Desktop\Code\_API8\Demo\Release\vc100.pdb'; linking object as if no debug info
     1>GLFW.lib(win32_enable.obj) : warning LNK4099: PDB 'vc100.pdb' was not found with 'GLFW.lib(win32_enable.obj)' or at 'C:\Users\nnorm\Desktop\Code\_API8\Demo\Release\vc100.pdb'; linking object as if no debug info
     1>GLFW.lib(win32_fullscreen.obj) : warning LNK4099: PDB 'vc100.pdb' was not found with 'GLFW.lib(win32_fullscreen.obj)' or at 'C:\Users\nnorm\Desktop\Code\_API8\Demo\Release\vc100.pdb'; linking object as if no debug info
     1>GLFW.lib(win32_glext.obj) : warning LNK4099: PDB 'vc100.pdb' was not found with 'GLFW.lib(win32_glext.obj)' or at 'C:\Users\nnorm\Desktop\Code\_API8\Demo\Release\vc100.pdb'; linking object as if no debug info
     1>GLFW.lib(win32_init.obj) : warning LNK4099: PDB 'vc100.pdb' was not found with 'GLFW.lib(win32_init.obj)' or at 'C:\Users\nnorm\Desktop\Code\_API8\Demo\Release\vc100.pdb'; linking object as if no debug info
     1>GLFW.lib(win32_time.obj) : warning LNK4099: PDB 'vc100.pdb' was not found with 'GLFW.lib(win32_time.obj)' or at 'C:\Users\nnorm\Desktop\Code\_API8\Demo\Release\vc100.pdb'; linking object as if no debug info
     1>GLFW.lib(win32_window.obj) : warning LNK4099: PDB 'vc100.pdb' was not found with 'GLFW.lib(win32_window.obj)' or at 'C:\Users\nnorm\Desktop\Code\_API8\Demo\Release\vc100.pdb'; linking object as if no debug info
     1>GLFW.lib(window.obj) : warning LNK4099: PDB 'vc100.pdb' was not found with 'GLFW.lib(window.obj)' or at 'C:\Users\nnorm\Desktop\Code\_API8\Demo\Release\vc100.pdb'; linking object as if no debug info
         Demo.vcxproj -> C:\Users\nnorm\Desktop\Code\_API8\Demo\Release\Demo.exe
     1>Done Building Project "C:\Users\nnorm\Desktop\Code\_API8\Demo\Demo\Demo.vcxproj" (Build target(s)).

Build succeeded.

Time Elapsed 00:00:02.53
