Build started 5/8/2015 4:23:11 PM.
     1>Project "C:\Users\nnorm\Desktop\Code\_API8\API8-Demo\Demo\Demo.vcxproj" on node 2 (Build target(s)).
     1>ClCompile:
         C:\Program Files (x86)\Microsoft Visual Studio 12.0\VC\bin\CL.exe /c /ZI /nologo /W3 /WX- /Od /Oy- /D WIN32 /D _DEBUG /D _CONSOLE /D _LIB /D _UNICODE /D UNICODE /Gm /EHsc /RTC1 /MDd /GS /fp:precise /Zc:wchar_t /Zc:forScope /Fo"Debug\\" /Fd"Debug\vc120.pdb" /Gd /TP /analyze- /errorReport:prompt Buffer.cpp Model.cpp PostFxClip.cpp Shader.cpp ShaderProgram.cpp Soundtrack.cpp Source\main.cpp Uniform.cpp
         Uniform.cpp
         main.cpp
     1>c:\program files (x86)\windows kits\8.1\include\shared\minwindef.h(130): warning C4005: 'APIENTRY' : macro redefinition
                 c:\users\nnorm\desktop\code\_api8\api8-demo\libs\include\gl\glfw.h(74) : see previous definition of 'APIENTRY'
     1>c:\program files (x86)\windows kits\8.1\include\um\wingdi.h(32): warning C4005: 'WINGDIAPI' : macro redefinition
                 c:\users\nnorm\desktop\code\_api8\api8-demo\libs\include\gl\glfw.h(91) : see previous definition of 'WINGDIAPI'
         Soundtrack.cpp
     1>c:\users\nnorm\desktop\code\_api8\api8-demo\demo\soundtrack.cpp(47): warning C4800: 'BOOL' : forcing value to bool 'true' or 'false' (performance warning)
         ShaderProgram.cpp
         Shader.cpp
     1>c:\users\nnorm\desktop\code\_api8\api8-demo\demo\shader.cpp(57): warning C4018: '<' : signed/unsigned mismatch
     1>c:\users\nnorm\desktop\code\_api8\api8-demo\demo\shader.cpp(66): warning C4805: '==' : unsafe mix of type 'int' and type 'bool' in operation
         PostFxClip.cpp
         Model.cpp
     1>c:\users\nnorm\desktop\code\_api8\api8-demo\demo\model.cpp(31): warning C4244: 'argument' : conversion from 'double' to 'float', possible loss of data
     1>c:\users\nnorm\desktop\code\_api8\api8-demo\demo\model.cpp(32): warning C4244: 'argument' : conversion from 'double' to 'float', possible loss of data
     1>c:\users\nnorm\desktop\code\_api8\api8-demo\demo\model.cpp(33): warning C4244: 'argument' : conversion from 'double' to 'float', possible loss of data
     1>c:\users\nnorm\desktop\code\_api8\api8-demo\demo\model.cpp(38): warning C4244: 'argument' : conversion from 'double' to 'float', possible loss of data
     1>c:\users\nnorm\desktop\code\_api8\api8-demo\demo\model.cpp(39): warning C4244: 'argument' : conversion from 'double' to 'float', possible loss of data
     1>c:\users\nnorm\desktop\code\_api8\api8-demo\demo\model.cpp(40): warning C4244: 'argument' : conversion from 'double' to 'float', possible loss of data
     1>c:\users\nnorm\desktop\code\_api8\api8-demo\demo\model.cpp(45): warning C4244: 'argument' : conversion from 'double' to 'float', possible loss of data
     1>c:\users\nnorm\desktop\code\_api8\api8-demo\demo\model.cpp(46): warning C4244: 'argument' : conversion from 'double' to 'float', possible loss of data
         Buffer.cpp
         Generating Code...
       Link:
         C:\Program Files (x86)\Microsoft Visual Studio 12.0\VC\bin\link.exe /ERRORREPORT:PROMPT /OUT:"C:\Users\nnorm\Desktop\Code\_API8\API8-Demo\Debug\Demo.exe" /INCREMENTAL /NOLOGO OpenGL32.lib GLFW.lib glew32.lib bass.lib kernel32.lib user32.lib gdi32.lib winspool.lib comdlg32.lib advapi32.lib shell32.lib ole32.lib oleaut32.lib uuid.lib odbc32.lib odbccp32.lib /MANIFEST /MANIFESTUAC:"level='asInvoker' uiAccess='false'" /manifest:embed /DEBUG /PDB:"C:\Users\nnorm\Desktop\Code\_API8\API8-Demo\Debug\Demo.pdb" /SUBSYSTEM:CONSOLE /TLBID:1 /DYNAMICBASE /NXCOMPAT /IMPLIB:"C:\Users\nnorm\Desktop\Code\_API8\API8-Demo\Debug\Demo.lib" /MACHINE:X86 Debug\Buffer.obj
         Debug\Model.obj
         Debug\PostFxClip.obj
         Debug\Shader.obj
         Debug\ShaderProgram.obj
         Debug\Soundtrack.obj
         Debug\main.obj
         Debug\Uniform.obj
     1>GLFW.lib(enable.obj) : warning LNK4099: PDB 'vc100.pdb' was not found with 'GLFW.lib(enable.obj)' or at 'C:\Users\nnorm\Desktop\Code\_API8\API8-Demo\Debug\vc100.pdb'; linking object as if no debug info
     1>GLFW.lib(glext.obj) : warning LNK4099: PDB 'vc100.pdb' was not found with 'GLFW.lib(glext.obj)' or at 'C:\Users\nnorm\Desktop\Code\_API8\API8-Demo\Debug\vc100.pdb'; linking object as if no debug info
     1>GLFW.lib(init.obj) : warning LNK4099: PDB 'vc100.pdb' was not found with 'GLFW.lib(init.obj)' or at 'C:\Users\nnorm\Desktop\Code\_API8\API8-Demo\Debug\vc100.pdb'; linking object as if no debug info
     1>GLFW.lib(input.obj) : warning LNK4099: PDB 'vc100.pdb' was not found with 'GLFW.lib(input.obj)' or at 'C:\Users\nnorm\Desktop\Code\_API8\API8-Demo\Debug\vc100.pdb'; linking object as if no debug info
     1>GLFW.lib(win32_enable.obj) : warning LNK4099: PDB 'vc100.pdb' was not found with 'GLFW.lib(win32_enable.obj)' or at 'C:\Users\nnorm\Desktop\Code\_API8\API8-Demo\Debug\vc100.pdb'; linking object as if no debug info
     1>GLFW.lib(win32_fullscreen.obj) : warning LNK4099: PDB 'vc100.pdb' was not found with 'GLFW.lib(win32_fullscreen.obj)' or at 'C:\Users\nnorm\Desktop\Code\_API8\API8-Demo\Debug\vc100.pdb'; linking object as if no debug info
     1>GLFW.lib(win32_glext.obj) : warning LNK4099: PDB 'vc100.pdb' was not found with 'GLFW.lib(win32_glext.obj)' or at 'C:\Users\nnorm\Desktop\Code\_API8\API8-Demo\Debug\vc100.pdb'; linking object as if no debug info
     1>GLFW.lib(win32_init.obj) : warning LNK4099: PDB 'vc100.pdb' was not found with 'GLFW.lib(win32_init.obj)' or at 'C:\Users\nnorm\Desktop\Code\_API8\API8-Demo\Debug\vc100.pdb'; linking object as if no debug info
     1>GLFW.lib(win32_time.obj) : warning LNK4099: PDB 'vc100.pdb' was not found with 'GLFW.lib(win32_time.obj)' or at 'C:\Users\nnorm\Desktop\Code\_API8\API8-Demo\Debug\vc100.pdb'; linking object as if no debug info
     1>GLFW.lib(win32_window.obj) : warning LNK4099: PDB 'vc100.pdb' was not found with 'GLFW.lib(win32_window.obj)' or at 'C:\Users\nnorm\Desktop\Code\_API8\API8-Demo\Debug\vc100.pdb'; linking object as if no debug info
     1>GLFW.lib(window.obj) : warning LNK4099: PDB 'vc100.pdb' was not found with 'GLFW.lib(window.obj)' or at 'C:\Users\nnorm\Desktop\Code\_API8\API8-Demo\Debug\vc100.pdb'; linking object as if no debug info
         Demo.vcxproj -> C:\Users\nnorm\Desktop\Code\_API8\API8-Demo\Debug\Demo.exe
     1>Done Building Project "C:\Users\nnorm\Desktop\Code\_API8\API8-Demo\Demo\Demo.vcxproj" (Build target(s)).

Build succeeded.

Time Elapsed 00:00:49.87
